Start auto log messages stack - Iteration 1.	[MsgId: MMSG-10545]
Starting action Action.	[MsgId: MMSG-15919]
Action.c(4): web_url("index.htm") started  	[MsgId: MMSG-26355]
Action.c(4): Error -27792: Failed to connect to server "127.0.0.1:1080": [10061] Connection refused  	[MsgId: MERR-27792]
End auto log messages stack.	[MsgId: MMSG-10544]


Start auto log messages stack - Iteration 2.	[MsgId: MMSG-10545]
Starting action Action.	[MsgId: MMSG-15919]
Action.c(4): web_url("index.htm") started  	[MsgId: MMSG-26355]
Action.c(4): Error -27792: Failed to connect to server "127.0.0.1:1080": [10061] Connection refused  	[MsgId: MERR-27792]
End auto log messages stack.	[MsgId: MMSG-10544]


Start auto log messages stack - Iteration 3.	[MsgId: MMSG-10545]
Starting action Action.	[MsgId: MMSG-15919]
Action.c(4): web_url("index.htm") started  	[MsgId: MMSG-26355]
Action.c(4): Error -27792: Failed to connect to server "127.0.0.1:1080": [10061] Connection refused  	[MsgId: MERR-27792]
End auto log messages stack.	[MsgId: MMSG-10544]


Start auto log messages stack - Iteration 4.	[MsgId: MMSG-10545]
Starting action Action.	[MsgId: MMSG-15919]
Action.c(4): web_url("index.htm") started  	[MsgId: MMSG-26355]
Action.c(4): Error -27792: Failed to connect to server "127.0.0.1:1080": [10061] Connection refused  	[MsgId: MERR-27792]
End auto log messages stack.	[MsgId: MMSG-10544]


Start auto log messages stack - Iteration 5.	[MsgId: MMSG-10545]
Starting action Action.	[MsgId: MMSG-15919]
Action.c(4): web_url("index.htm") started  	[MsgId: MMSG-26355]
Action.c(4): Error -27792: Failed to connect to server "127.0.0.1:1080": [10061] Connection refused  	[MsgId: MERR-27792]
End auto log messages stack.	[MsgId: MMSG-10544]


Start auto log messages stack - Iteration 6.	[MsgId: MMSG-10545]
Starting action Action.	[MsgId: MMSG-15919]
Action.c(4): web_url("index.htm") started  	[MsgId: MMSG-26355]
Action.c(4): Error -27792: Failed to connect to server "127.0.0.1:1080": [10061] Connection refused  	[MsgId: MERR-27792]
End auto log messages stack.	[MsgId: MMSG-10544]


Start auto log messages stack - Iteration 7.	[MsgId: MMSG-10545]
Starting action Action.	[MsgId: MMSG-15919]
Action.c(4): web_url("index.htm") started  	[MsgId: MMSG-26355]
Action.c(4): Error -27792: Failed to connect to server "127.0.0.1:1080": [10061] Connection refused  	[MsgId: MERR-27792]
End auto log messages stack.	[MsgId: MMSG-10544]


Start auto log messages stack - Iteration 8.	[MsgId: MMSG-10545]
Starting action Action.	[MsgId: MMSG-15919]
Action.c(4): web_url("index.htm") started  	[MsgId: MMSG-26355]
Action.c(4): Error -27792: Failed to connect to server "127.0.0.1:1080": [10061] Connection refused  	[MsgId: MERR-27792]
End auto log messages stack.	[MsgId: MMSG-10544]


Start auto log messages stack - Iteration 9.	[MsgId: MMSG-10545]
Starting action Action.	[MsgId: MMSG-15919]
Action.c(4): web_url("index.htm") started  	[MsgId: MMSG-26355]
Action.c(4): Error -27792: Failed to connect to server "127.0.0.1:1080": [10061] Connection refused  	[MsgId: MERR-27792]
End auto log messages stack.	[MsgId: MMSG-10544]


Start auto log messages stack - Iteration 10.	[MsgId: MMSG-10545]
Starting action Action.	[MsgId: MMSG-15919]
Action.c(4): web_url("index.htm") started  	[MsgId: MMSG-26355]
Action.c(4): Error -27792: Failed to connect to server "127.0.0.1:1080": [10061] Connection refused  	[MsgId: MERR-27792]
End auto log messages stack.	[MsgId: MMSG-10544]


Start auto log messages stack - Iteration 11.	[MsgId: MMSG-10545]
Starting action Action.	[MsgId: MMSG-15919]
Action.c(4): web_url("index.htm") started  	[MsgId: MMSG-26355]
Action.c(4): Error -27792: Failed to connect to server "127.0.0.1:1080": [10061] Connection refused  	[MsgId: MERR-27792]
End auto log messages stack.	[MsgId: MMSG-10544]


Start auto log messages stack - Iteration 12.	[MsgId: MMSG-10545]
Starting action Action.	[MsgId: MMSG-15919]
Action.c(4): web_url("index.htm") started  	[MsgId: MMSG-26355]
Action.c(4): Error -27792: Failed to connect to server "127.0.0.1:1080": [10061] Connection refused  	[MsgId: MERR-27792]
End auto log messages stack.	[MsgId: MMSG-10544]


Start auto log messages stack - Iteration 13.	[MsgId: MMSG-10545]
Starting action Action.	[MsgId: MMSG-15919]
Action.c(4): web_url("index.htm") started  	[MsgId: MMSG-26355]
Action.c(4): Error -27792: Failed to connect to server "127.0.0.1:1080": [10061] Connection refused  	[MsgId: MERR-27792]
End auto log messages stack.	[MsgId: MMSG-10544]


Start auto log messages stack - Iteration 14.	[MsgId: MMSG-10545]
Starting action Action.	[MsgId: MMSG-15919]
Action.c(4): web_url("index.htm") started  	[MsgId: MMSG-26355]
Action.c(4): Error -27792: Failed to connect to server "127.0.0.1:1080": [10061] Connection refused  	[MsgId: MERR-27792]
End auto log messages stack.	[MsgId: MMSG-10544]


Start auto log messages stack - Iteration 15.	[MsgId: MMSG-10545]
Starting action Action.	[MsgId: MMSG-15919]
Action.c(4): web_url("index.htm") started  	[MsgId: MMSG-26355]
Action.c(4): Error -27792: Failed to connect to server "127.0.0.1:1080": [10061] Connection refused  	[MsgId: MERR-27792]
End auto log messages stack.	[MsgId: MMSG-10544]


Start auto log messages stack - Iteration 1.	[MsgId: MMSG-10545]
Starting action Action.	[MsgId: MMSG-15919]
Action.c(4): web_url("index.htm") started  	[MsgId: MMSG-26355]
Action.c(4): Error -27792: Failed to connect to server "127.0.0.1:1080": [10061] Connection refused  	[MsgId: MERR-27792]
End auto log messages stack.	[MsgId: MMSG-10544]


Start auto log messages stack - Iteration 16.	[MsgId: MMSG-10545]
Starting action Action.	[MsgId: MMSG-15919]
Action.c(4): web_url("index.htm") started  	[MsgId: MMSG-26355]
Action.c(4): Error -27792: Failed to connect to server "127.0.0.1:1080": [10061] Connection refused  	[MsgId: MERR-27792]
End auto log messages stack.	[MsgId: MMSG-10544]


Start auto log messages stack - Iteration 2.	[MsgId: MMSG-10545]
Starting action Action.	[MsgId: MMSG-15919]
Action.c(4): web_url("index.htm") started  	[MsgId: MMSG-26355]
Action.c(4): Error -27792: Failed to connect to server "127.0.0.1:1080": [10061] Connection refused  	[MsgId: MERR-27792]
End auto log messages stack.	[MsgId: MMSG-10544]


Start auto log messages stack - Iteration 17.	[MsgId: MMSG-10545]
Starting action Action.	[MsgId: MMSG-15919]
Action.c(4): web_url("index.htm") started  	[MsgId: MMSG-26355]
Action.c(4): Error -27792: Failed to connect to server "127.0.0.1:1080": [10061] Connection refused  	[MsgId: MERR-27792]
End auto log messages stack.	[MsgId: MMSG-10544]


Start auto log messages stack - Iteration 3.	[MsgId: MMSG-10545]
Starting action Action.	[MsgId: MMSG-15919]
Action.c(4): web_url("index.htm") started  	[MsgId: MMSG-26355]
Action.c(4): Error -27792: Failed to connect to server "127.0.0.1:1080": [10061] Connection refused  	[MsgId: MERR-27792]
End auto log messages stack.	[MsgId: MMSG-10544]


Start auto log messages stack - Iteration 18.	[MsgId: MMSG-10545]
Starting action Action.	[MsgId: MMSG-15919]
Action.c(4): web_url("index.htm") started  	[MsgId: MMSG-26355]
Action.c(4): Error -27792: Failed to connect to server "127.0.0.1:1080": [10061] Connection refused  	[MsgId: MERR-27792]
End auto log messages stack.	[MsgId: MMSG-10544]


Start auto log messages stack - Iteration 4.	[MsgId: MMSG-10545]
Starting action Action.	[MsgId: MMSG-15919]
Action.c(4): web_url("index.htm") started  	[MsgId: MMSG-26355]
Action.c(4): Error -27792: Failed to connect to server "127.0.0.1:1080": [10061] Connection refused  	[MsgId: MERR-27792]
End auto log messages stack.	[MsgId: MMSG-10544]


Start auto log messages stack - Iteration 19.	[MsgId: MMSG-10545]
Starting action Action.	[MsgId: MMSG-15919]
Action.c(4): web_url("index.htm") started  	[MsgId: MMSG-26355]
Action.c(4): Error -27792: Failed to connect to server "127.0.0.1:1080": [10061] Connection refused  	[MsgId: MERR-27792]
End auto log messages stack.	[MsgId: MMSG-10544]


Start auto log messages stack - Iteration 5.	[MsgId: MMSG-10545]
Starting action Action.	[MsgId: MMSG-15919]
Action.c(4): web_url("index.htm") started  	[MsgId: MMSG-26355]
Action.c(4): Error -27792: Failed to connect to server "127.0.0.1:1080": [10061] Connection refused  	[MsgId: MERR-27792]
End auto log messages stack.	[MsgId: MMSG-10544]


Start auto log messages stack - Iteration 20.	[MsgId: MMSG-10545]
Starting action Action.	[MsgId: MMSG-15919]
Action.c(4): web_url("index.htm") started  	[MsgId: MMSG-26355]
Action.c(4): Error -27792: Failed to connect to server "127.0.0.1:1080": [10061] Connection refused  	[MsgId: MERR-27792]
End auto log messages stack.	[MsgId: MMSG-10544]


Start auto log messages stack - Iteration 6.	[MsgId: MMSG-10545]
Starting action Action.	[MsgId: MMSG-15919]
Action.c(4): web_url("index.htm") started  	[MsgId: MMSG-26355]
Action.c(4): Error -27792: Failed to connect to server "127.0.0.1:1080": [10061] Connection refused  	[MsgId: MERR-27792]
End auto log messages stack.	[MsgId: MMSG-10544]


Start auto log messages stack - Iteration 21.	[MsgId: MMSG-10545]
Starting action Action.	[MsgId: MMSG-15919]
Action.c(4): web_url("index.htm") started  	[MsgId: MMSG-26355]
Action.c(4): Error -27792: Failed to connect to server "127.0.0.1:1080": [10061] Connection refused  	[MsgId: MERR-27792]
End auto log messages stack.	[MsgId: MMSG-10544]


Start auto log messages stack - Iteration 7.	[MsgId: MMSG-10545]
Starting action Action.	[MsgId: MMSG-15919]
Action.c(4): web_url("index.htm") started  	[MsgId: MMSG-26355]
Action.c(4): Error -27792: Failed to connect to server "127.0.0.1:1080": [10061] Connection refused  	[MsgId: MERR-27792]
End auto log messages stack.	[MsgId: MMSG-10544]


Start auto log messages stack - Iteration 22.	[MsgId: MMSG-10545]
Starting action Action.	[MsgId: MMSG-15919]
Action.c(4): web_url("index.htm") started  	[MsgId: MMSG-26355]
Action.c(4): Error -27792: Failed to connect to server "127.0.0.1:1080": [10061] Connection refused  	[MsgId: MERR-27792]
End auto log messages stack.	[MsgId: MMSG-10544]


Start auto log messages stack - Iteration 8.	[MsgId: MMSG-10545]
Starting action Action.	[MsgId: MMSG-15919]
Action.c(4): web_url("index.htm") started  	[MsgId: MMSG-26355]
Action.c(4): Error -27792: Failed to connect to server "127.0.0.1:1080": [10061] Connection refused  	[MsgId: MERR-27792]
End auto log messages stack.	[MsgId: MMSG-10544]


Start auto log messages stack - Iteration 23.	[MsgId: MMSG-10545]
Starting action Action.	[MsgId: MMSG-15919]
Action.c(4): web_url("index.htm") started  	[MsgId: MMSG-26355]
Action.c(4): Error -27792: Failed to connect to server "127.0.0.1:1080": [10061] Connection refused  	[MsgId: MERR-27792]
End auto log messages stack.	[MsgId: MMSG-10544]


Start auto log messages stack - Iteration 9.	[MsgId: MMSG-10545]
Starting action Action.	[MsgId: MMSG-15919]
Action.c(4): web_url("index.htm") started  	[MsgId: MMSG-26355]
Action.c(4): Error -27792: Failed to connect to server "127.0.0.1:1080": [10061] Connection refused  	[MsgId: MERR-27792]
End auto log messages stack.	[MsgId: MMSG-10544]


Start auto log messages stack - Iteration 24.	[MsgId: MMSG-10545]
Starting action Action.	[MsgId: MMSG-15919]
Action.c(4): web_url("index.htm") started  	[MsgId: MMSG-26355]
Action.c(4): Error -27792: Failed to connect to server "127.0.0.1:1080": [10061] Connection refused  	[MsgId: MERR-27792]
End auto log messages stack.	[MsgId: MMSG-10544]


Start auto log messages stack - Iteration 10.	[MsgId: MMSG-10545]
Starting action Action.	[MsgId: MMSG-15919]
Action.c(4): web_url("index.htm") started  	[MsgId: MMSG-26355]
Action.c(4): Error -27792: Failed to connect to server "127.0.0.1:1080": [10061] Connection refused  	[MsgId: MERR-27792]
End auto log messages stack.	[MsgId: MMSG-10544]


Start auto log messages stack - Iteration 25.	[MsgId: MMSG-10545]
Starting action Action.	[MsgId: MMSG-15919]
Action.c(4): web_url("index.htm") started  	[MsgId: MMSG-26355]
Action.c(4): Error -27792: Failed to connect to server "127.0.0.1:1080": [10061] Connection refused  	[MsgId: MERR-27792]
End auto log messages stack.	[MsgId: MMSG-10544]


Start auto log messages stack - Iteration 11.	[MsgId: MMSG-10545]
Starting action Action.	[MsgId: MMSG-15919]
Action.c(4): web_url("index.htm") started  	[MsgId: MMSG-26355]
Action.c(4): Error -27792: Failed to connect to server "127.0.0.1:1080": [10061] Connection refused  	[MsgId: MERR-27792]
End auto log messages stack.	[MsgId: MMSG-10544]


Start auto log messages stack - Iteration 26.	[MsgId: MMSG-10545]
Starting action Action.	[MsgId: MMSG-15919]
Action.c(4): web_url("index.htm") started  	[MsgId: MMSG-26355]
Action.c(4): Error -27792: Failed to connect to server "127.0.0.1:1080": [10061] Connection refused  	[MsgId: MERR-27792]
End auto log messages stack.	[MsgId: MMSG-10544]


Start auto log messages stack - Iteration 12.	[MsgId: MMSG-10545]
Starting action Action.	[MsgId: MMSG-15919]
Action.c(4): web_url("index.htm") started  	[MsgId: MMSG-26355]
Action.c(4): Error -27792: Failed to connect to server "127.0.0.1:1080": [10061] Connection refused  	[MsgId: MERR-27792]
End auto log messages stack.	[MsgId: MMSG-10544]


Start auto log messages stack - Iteration 27.	[MsgId: MMSG-10545]
Starting action Action.	[MsgId: MMSG-15919]
Action.c(4): web_url("index.htm") started  	[MsgId: MMSG-26355]
Action.c(4): Error -27792: Failed to connect to server "127.0.0.1:1080": [10061] Connection refused  	[MsgId: MERR-27792]
End auto log messages stack.	[MsgId: MMSG-10544]


Start auto log messages stack - Iteration 13.	[MsgId: MMSG-10545]
Starting action Action.	[MsgId: MMSG-15919]
Action.c(4): web_url("index.htm") started  	[MsgId: MMSG-26355]
Action.c(4): Error -27792: Failed to connect to server "127.0.0.1:1080": [10061] Connection refused  	[MsgId: MERR-27792]
End auto log messages stack.	[MsgId: MMSG-10544]


Start auto log messages stack - Iteration 28.	[MsgId: MMSG-10545]
Starting action Action.	[MsgId: MMSG-15919]
Action.c(4): web_url("index.htm") started  	[MsgId: MMSG-26355]
Action.c(4): Error -27792: Failed to connect to server "127.0.0.1:1080": [10061] Connection refused  	[MsgId: MERR-27792]
End auto log messages stack.	[MsgId: MMSG-10544]


Start auto log messages stack - Iteration 14.	[MsgId: MMSG-10545]
Starting action Action.	[MsgId: MMSG-15919]
Action.c(4): web_url("index.htm") started  	[MsgId: MMSG-26355]
Action.c(4): Error -27792: Failed to connect to server "127.0.0.1:1080": [10061] Connection refused  	[MsgId: MERR-27792]
End auto log messages stack.	[MsgId: MMSG-10544]


Start auto log messages stack - Iteration 29.	[MsgId: MMSG-10545]
Starting action Action.	[MsgId: MMSG-15919]
Action.c(4): web_url("index.htm") started  	[MsgId: MMSG-26355]
Action.c(4): Error -27792: Failed to connect to server "127.0.0.1:1080": [10061] Connection refused  	[MsgId: MERR-27792]
End auto log messages stack.	[MsgId: MMSG-10544]


Start auto log messages stack - Iteration 15.	[MsgId: MMSG-10545]
Starting action Action.	[MsgId: MMSG-15919]
Action.c(4): web_url("index.htm") started  	[MsgId: MMSG-26355]
Action.c(4): Error -27792: Failed to connect to server "127.0.0.1:1080": [10061] Connection refused  	[MsgId: MERR-27792]
End auto log messages stack.	[MsgId: MMSG-10544]


Start auto log messages stack - Iteration 30.	[MsgId: MMSG-10545]
Starting action Action.	[MsgId: MMSG-15919]
Action.c(4): web_url("index.htm") started  	[MsgId: MMSG-26355]
Action.c(4): Error -27792: Failed to connect to server "127.0.0.1:1080": [10061] Connection refused  	[MsgId: MERR-27792]
End auto log messages stack.	[MsgId: MMSG-10544]


Start auto log messages stack - Iteration 1.	[MsgId: MMSG-10545]
Starting action Action.	[MsgId: MMSG-15919]
Action.c(4): web_url("index.htm") started  	[MsgId: MMSG-26355]
Action.c(4): Error -27792: Failed to connect to server "127.0.0.1:1080": [10061] Connection refused  	[MsgId: MERR-27792]
End auto log messages stack.	[MsgId: MMSG-10544]


Start auto log messages stack - Iteration 16.	[MsgId: MMSG-10545]
Starting action Action.	[MsgId: MMSG-15919]
Action.c(4): web_url("index.htm") started  	[MsgId: MMSG-26355]
Action.c(4): Error -27792: Failed to connect to server "127.0.0.1:1080": [10061] Connection refused  	[MsgId: MERR-27792]
End auto log messages stack.	[MsgId: MMSG-10544]


Start auto log messages stack - Iteration 31.	[MsgId: MMSG-10545]
Starting action Action.	[MsgId: MMSG-15919]
Action.c(4): web_url("index.htm") started  	[MsgId: MMSG-26355]
Action.c(4): Error -27792: Failed to connect to server "127.0.0.1:1080": [10061] Connection refused  	[MsgId: MERR-27792]
End auto log messages stack.	[MsgId: MMSG-10544]


Start auto log messages stack - Iteration 2.	[MsgId: MMSG-10545]
Starting action Action.	[MsgId: MMSG-15919]
Action.c(4): web_url("index.htm") started  	[MsgId: MMSG-26355]
Action.c(4): Error -27792: Failed to connect to server "127.0.0.1:1080": [10061] Connection refused  	[MsgId: MERR-27792]
End auto log messages stack.	[MsgId: MMSG-10544]


Start auto log messages stack - Iteration 17.	[MsgId: MMSG-10545]
Starting action Action.	[MsgId: MMSG-15919]
Action.c(4): web_url("index.htm") started  	[MsgId: MMSG-26355]
Action.c(4): Error -27792: Failed to connect to server "127.0.0.1:1080": [10061] Connection refused  	[MsgId: MERR-27792]
End auto log messages stack.	[MsgId: MMSG-10544]


Start auto log messages stack - Iteration 32.	[MsgId: MMSG-10545]
Starting action Action.	[MsgId: MMSG-15919]
Action.c(4): web_url("index.htm") started  	[MsgId: MMSG-26355]
Action.c(4): Error -27792: Failed to connect to server "127.0.0.1:1080": [10061] Connection refused  	[MsgId: MERR-27792]
End auto log messages stack.	[MsgId: MMSG-10544]


Start auto log messages stack - Iteration 3.	[MsgId: MMSG-10545]
Starting action Action.	[MsgId: MMSG-15919]
Action.c(4): web_url("index.htm") started  	[MsgId: MMSG-26355]
Action.c(4): Error -27792: Failed to connect to server "127.0.0.1:1080": [10061] Connection refused  	[MsgId: MERR-27792]
End auto log messages stack.	[MsgId: MMSG-10544]


Start auto log messages stack - Iteration 18.	[MsgId: MMSG-10545]
Starting action Action.	[MsgId: MMSG-15919]
Action.c(4): web_url("index.htm") started  	[MsgId: MMSG-26355]
Action.c(4): Error -27792: Failed to connect to server "127.0.0.1:1080": [10061] Connection refused  	[MsgId: MERR-27792]
End auto log messages stack.	[MsgId: MMSG-10544]


Start auto log messages stack - Iteration 33.	[MsgId: MMSG-10545]
Starting action Action.	[MsgId: MMSG-15919]
Action.c(4): web_url("index.htm") started  	[MsgId: MMSG-26355]
Action.c(4): Error -27792: Failed to connect to server "127.0.0.1:1080": [10061] Connection refused  	[MsgId: MERR-27792]
End auto log messages stack.	[MsgId: MMSG-10544]


Start auto log messages stack - Iteration 4.	[MsgId: MMSG-10545]
Starting action Action.	[MsgId: MMSG-15919]
Action.c(4): web_url("index.htm") started  	[MsgId: MMSG-26355]
Action.c(4): Error -27792: Failed to connect to server "127.0.0.1:1080": [10061] Connection refused  	[MsgId: MERR-27792]
End auto log messages stack.	[MsgId: MMSG-10544]


Start auto log messages stack - Iteration 19.	[MsgId: MMSG-10545]
Starting action Action.	[MsgId: MMSG-15919]
Action.c(4): web_url("index.htm") started  	[MsgId: MMSG-26355]
Action.c(4): Error -27792: Failed to connect to server "127.0.0.1:1080": [10061] Connection refused  	[MsgId: MERR-27792]
End auto log messages stack.	[MsgId: MMSG-10544]


Start auto log messages stack - Iteration 34.	[MsgId: MMSG-10545]
Starting action Action.	[MsgId: MMSG-15919]
Action.c(4): web_url("index.htm") started  	[MsgId: MMSG-26355]
Action.c(4): Error -27792: Failed to connect to server "127.0.0.1:1080": [10061] Connection refused  	[MsgId: MERR-27792]
End auto log messages stack.	[MsgId: MMSG-10544]


Start auto log messages stack - Iteration 5.	[MsgId: MMSG-10545]
Starting action Action.	[MsgId: MMSG-15919]
Action.c(4): web_url("index.htm") started  	[MsgId: MMSG-26355]
Action.c(4): Error -27792: Failed to connect to server "127.0.0.1:1080": [10061] Connection refused  	[MsgId: MERR-27792]
End auto log messages stack.	[MsgId: MMSG-10544]


Start auto log messages stack - Iteration 20.	[MsgId: MMSG-10545]
Starting action Action.	[MsgId: MMSG-15919]
Action.c(4): web_url("index.htm") started  	[MsgId: MMSG-26355]
Action.c(4): Error -27792: Failed to connect to server "127.0.0.1:1080": [10061] Connection refused  	[MsgId: MERR-27792]
End auto log messages stack.	[MsgId: MMSG-10544]


Start auto log messages stack - Iteration 35.	[MsgId: MMSG-10545]
Starting action Action.	[MsgId: MMSG-15919]
Action.c(4): web_url("index.htm") started  	[MsgId: MMSG-26355]
Action.c(4): Error -27792: Failed to connect to server "127.0.0.1:1080": [10061] Connection refused  	[MsgId: MERR-27792]
End auto log messages stack.	[MsgId: MMSG-10544]


Start auto log messages stack - Iteration 6.	[MsgId: MMSG-10545]
Starting action Action.	[MsgId: MMSG-15919]
Action.c(4): web_url("index.htm") started  	[MsgId: MMSG-26355]
Action.c(4): Error -27792: Failed to connect to server "127.0.0.1:1080": [10061] Connection refused  	[MsgId: MERR-27792]
End auto log messages stack.	[MsgId: MMSG-10544]


Start auto log messages stack - Iteration 21.	[MsgId: MMSG-10545]
Starting action Action.	[MsgId: MMSG-15919]
Action.c(4): web_url("index.htm") started  	[MsgId: MMSG-26355]
Action.c(4): Error -27792: Failed to connect to server "127.0.0.1:1080": [10061] Connection refused  	[MsgId: MERR-27792]
End auto log messages stack.	[MsgId: MMSG-10544]


Start auto log messages stack - Iteration 36.	[MsgId: MMSG-10545]
Starting action Action.	[MsgId: MMSG-15919]
Action.c(4): web_url("index.htm") started  	[MsgId: MMSG-26355]
Action.c(4): Error -27792: Failed to connect to server "127.0.0.1:1080": [10061] Connection refused  	[MsgId: MERR-27792]
End auto log messages stack.	[MsgId: MMSG-10544]


Start auto log messages stack - Iteration 7.	[MsgId: MMSG-10545]
Starting action Action.	[MsgId: MMSG-15919]
Action.c(4): web_url("index.htm") started  	[MsgId: MMSG-26355]
Action.c(4): Error -27792: Failed to connect to server "127.0.0.1:1080": [10061] Connection refused  	[MsgId: MERR-27792]
End auto log messages stack.	[MsgId: MMSG-10544]


Start auto log messages stack - Iteration 22.	[MsgId: MMSG-10545]
Starting action Action.	[MsgId: MMSG-15919]
Action.c(4): web_url("index.htm") started  	[MsgId: MMSG-26355]
Action.c(4): Error -27792: Failed to connect to server "127.0.0.1:1080": [10061] Connection refused  	[MsgId: MERR-27792]
End auto log messages stack.	[MsgId: MMSG-10544]


