Virtual User Script started at : 1/30/2017 2:59:44 PM
Starting action vuser_init.
Web Turbo Replay of LoadRunner 12.53.0 for Windows 10; build 1203 (Jan 30 2017 19:13:20)  	[MsgId: MMSG-26983]
Run mode: HTML  	[MsgId: MMSG-26993]
Replay user agent: Mozilla/5.0 (Windows NT 10.0; WOW64) AppleWebKit/537.36 (KHTML, like Gecko) Chrome/55.0.2883.87 Safari/537.36  	[MsgId: MMSG-26988]
Run-Time Settings file: "C:\Users\Naveen Reddy Vangala\Documents\VuGen\Scripts\scenario1\\default.cfg"  	[MsgId: MMSG-27141]
Ending action vuser_init.
Running Vuser...
Starting iteration 1.
Maximum number of concurrent connections per server: 6  	[MsgId: MMSG-26989]
Starting action Action.
Action.c(4): web_url("index.htm") started  	[MsgId: MMSG-26355]
Action.c(4): Error -27792: Failed to connect to server "127.0.0.1:1080": [10061] Connection refused  	[MsgId: MERR-27792]
Action.c(4): web_url("index.htm") highest severity level was "ERROR", 0 body bytes, 0 header bytes  	[MsgId: MMSG-26388]
Ending action Action.
Ending iteration 1.
Ending Vuser...
Starting action vuser_end.
Ending action vuser_end.
Vuser Terminated.
